17:55:19.116 [main] INFO  testCases.TC002_ValidateUserDesignation - Added Username
17:55:19.277 [main] INFO  testCases.TC002_ValidateUserDesignation - Added Password
17:55:43.187 [main] INFO  testCases.TC002_ValidateUserDesignation - Click on login
17:55:43.239 [main] INFO  testCases.TC002_ValidateUserDesignation - Designation is validated
17:55:51.049 [main] INFO  testCases.TC002_ValidateUserDesignation - Logged out of the application
17:55:51.050 [main] INFO  testCases.TC002_ValidateUserDesignation - Test case Executed
18:23:57.154 [main] INFO  testCases.TC001_LoginVerification - Test case for valid credentials
18:23:57.314 [main] INFO  testCases.TC001_LoginVerification - Added Username
18:23:57.461 [main] INFO  testCases.TC001_LoginVerification - Added Password
18:24:43.156 [main] INFO  testCases.TC001_LoginVerification - Clicked on the login button
18:24:43.215 [main] INFO  testCases.TC001_LoginVerification - Text Validated
18:24:52.561 [main] INFO  testCases.TC001_LoginVerification - Logged out of the application
18:24:52.562 [main] INFO  testCases.TC001_LoginVerification - Test case executed
18:25:09.657 [main] INFO  testCases.TC002_ValidateUserDesignation - Test case for Validating User Designation
18:25:09.819 [main] INFO  testCases.TC002_ValidateUserDesignation - Added Username
18:25:09.973 [main] INFO  testCases.TC002_ValidateUserDesignation - Added Password
18:25:43.780 [main] INFO  testCases.TC002_ValidateUserDesignation - Click on login
18:25:43.838 [main] INFO  testCases.TC002_ValidateUserDesignation - Designation is validated
18:25:54.298 [main] INFO  testCases.TC002_ValidateUserDesignation - Logged out of the application
18:25:54.299 [main] INFO  testCases.TC002_ValidateUserDesignation - Test case Executed
18:47:58.539 [main] INFO  testCases.TC001_LoginVerification - Test case for valid credentials
18:47:58.760 [main] INFO  testCases.TC001_LoginVerification - Added Username
18:47:58.931 [main] INFO  testCases.TC001_LoginVerification - Added Password
18:48:20.711 [main] INFO  testCases.TC001_LoginVerification - Clicked on the login button
18:48:20.764 [main] INFO  testCases.TC001_LoginVerification - Text Validated
18:48:35.796 [main] INFO  testCases.TC001_LoginVerification - Logged out of the application
18:48:35.798 [main] INFO  testCases.TC001_LoginVerification - Test case executed
18:48:53.498 [main] INFO  testCases.TC002_ValidateUserDesignation - Test case for Validating User Designation
18:48:53.649 [main] INFO  testCases.TC002_ValidateUserDesignation - Added Username
18:48:53.789 [main] INFO  testCases.TC002_ValidateUserDesignation - Added Password
18:49:28.863 [main] INFO  testCases.TC002_ValidateUserDesignation - Click on login
18:49:28.909 [main] INFO  testCases.TC002_ValidateUserDesignation - Designation is validated
18:49:39.533 [main] INFO  testCases.TC002_ValidateUserDesignation - Logged out of the application
18:49:39.534 [main] INFO  testCases.TC002_ValidateUserDesignation - Test case Executed
18:51:50.837 [main] INFO  testCases.TC001_LoginVerification - Test case for valid credentials
18:51:51.040 [main] INFO  testCases.TC001_LoginVerification - Added Username
18:51:51.205 [main] INFO  testCases.TC001_LoginVerification - Added Password
18:52:25.304 [main] INFO  testCases.TC001_LoginVerification - Clicked on the login button
18:52:25.360 [main] INFO  testCases.TC001_LoginVerification - Text Validated
18:52:39.061 [main] INFO  testCases.TC001_LoginVerification - Logged out of the application
18:52:39.062 [main] INFO  testCases.TC001_LoginVerification - Test case executed
18:52:56.546 [main] INFO  testCases.TC002_ValidateUserDesignation - Test case for Validating User Designation
18:52:56.698 [main] INFO  testCases.TC002_ValidateUserDesignation - Added Username
18:52:56.856 [main] INFO  testCases.TC002_ValidateUserDesignation - Added Password
18:53:31.545 [main] INFO  testCases.TC002_ValidateUserDesignation - Click on login
18:53:31.594 [main] INFO  testCases.TC002_ValidateUserDesignation - Designation is validated
18:53:43.080 [main] INFO  testCases.TC002_ValidateUserDesignation - Logged out of the application
18:53:43.081 [main] INFO  testCases.TC002_ValidateUserDesignation - Test case Executed
